<?xml version="1.0" encoding="UTF-8"?>
<testng-results ignored="0" total="1" passed="1" failed="0" skipped="0">
  <reporter-output>
  </reporter-output>
  <suite started-at="2022-12-02T07:59:58Z" name="Default suite" finished-at="2022-12-02T08:00:48Z" duration-ms="49607">
    <groups>
    </groups>
    <test started-at="2022-12-02T07:59:58Z" name="Default test" finished-at="2022-12-02T08:00:48Z" duration-ms="49607">
      <class name="javaConcept.FileDownloaded">
        <test-method signature="fileChecking()[pri:0, instance:javaConcept.FileDownloaded@282cb7c7]" started-at="2022-12-02T07:59:58Z" name="fileChecking" finished-at="2022-12-02T08:00:48Z" duration-ms="49515" status="PASS">
          <reporter-output>
          </reporter-output>
        </test-method> <!-- fileChecking -->
      </class> <!-- javaConcept.FileDownloaded -->
    </test> <!-- Default test -->
  </suite> <!-- Default suite -->
</testng-results>
